<?xml version="1.0" encoding="UTF-8"?>
<!-- Generated by org.testng.reporters.JUnitReportReporter -->
<testsuite hostname="DESKTOP-60IP7UE" failures="0" tests="1" name="tests.TodayDealsTest" time="100.660" errors="0" timestamp="2023-01-15T00:27:12 EET" skipped="0">
  <testcase classname="tests.TodayDealsTest" name="TaskOne_SecondScenario" time="100.660"/>
  <system-out/>
</testsuite> <!-- tests.TodayDealsTest -->
