<?xml version="1.0" encoding="UTF-8"?>
<!-- Generated by org.testng.reporters.JUnitReportReporter -->
<testsuite hostname="DESKTOP-60IP7UE" failures="0" tests="1" name="Automation_Task_Assessment_vois.Automation_Task_Assessment.HomePage" time="30.704" errors="0" timestamp="2023-01-13T01:57:13 EET" skipped="0">
  <testcase classname="Automation_Task_Assessment_vois.Automation_Task_Assessment.HomePage" name="TaskOne_FirstScenario" time="30.704"/>
  <system-out/>
</testsuite> <!-- Automation_Task_Assessment_vois.Automation_Task_Assessment.HomePage -->
