<?xml version="1.0" encoding="UTF-8"?>
<!-- Generated by org.testng.reporters.JUnitReportReporter -->
<testsuite hostname="DESKTOP-60IP7UE" failures="0" tests="1" name="tests.CarAccessoriesTest" time="51.409" errors="0" timestamp="2023-01-15T00:27:12 EET" skipped="0">
  <testcase classname="tests.CarAccessoriesTest" name="TaskOne_FirstScenario" time="51.409"/>
  <system-out/>
</testsuite> <!-- tests.CarAccessoriesTest -->
